<?xml version="1.0" encoding="UTF-8"?>
<!-- Generated by org.testng.reporters.JUnitXMLReporter -->
<testsuite hostname="DESKTOP-BMRSO81" ignored="0" name="Default test" tests="3" failures="0" timestamp="2020-08-17T03:35:32 IST" time="11.575" errors="0">
  <testcase name="withdrawFundInPrimaryAccount" time="1.815" classname="frontEndTesting.WithdrawFundTest"/>
  <testcase name="withdrawFundInSavingAccount" time="1.657" classname="frontEndTesting.WithdrawFundTest"/>
  <testcase name="withdrawingAmountGreaterThanCurrentAmounForSavingsAccount" time="1.636" classname="frontEndTesting.WithdrawFundTest"/>
</testsuite> <!-- Default test -->
