<?xml version="1.0" encoding="UTF-8"?>
<!-- Generated by org.testng.reporters.JUnitXMLReporter -->
<testsuite hostname="DESKTOP-BMRSO81" ignored="0" name="DepositFundTest" tests="2" failures="0" timestamp="2020-08-20T10:00:09 IST" time="37.463" errors="0">
  <testcase name="depositFundInPrimaryAccount" time="2.225" classname="frontEndTesting.DepositFundTest"/>
  <testcase name="depositFundInSavingAccount" time="1.72" classname="frontEndTesting.DepositFundTest"/>
</testsuite> <!-- DepositFundTest -->
