<?xml version="1.0" encoding="UTF-8"?>
<!-- Generated by org.testng.reporters.JUnitXMLReporter -->
<testsuite hostname="DESKTOP-BMRSO81" ignored="0" name="TransferFundTest" tests="3" failures="0" timestamp="2020-08-17T22:12:10 IST" time="23.321" errors="0">
  <testcase name="transferFund" time="3.725" classname="frontEndTesting.TransferFundTest"/>
  <testcase name="transferFundGreaterThanBalance" time="2.974" classname="frontEndTesting.TransferFundTest"/>
  <testcase name="transferFundWithIncorrectAccountNumber" time="2.959" classname="frontEndTesting.TransferFundTest"/>
</testsuite> <!-- TransferFundTest -->
