<?xml version="1.0" encoding="UTF-8"?>
<!-- Generated by org.testng.reporters.JUnitXMLReporter -->
<testsuite hostname="DESKTOP-BMRSO81" ignored="0" name="TransferFundTest" tests="3" failures="0" timestamp="2020-08-20T10:00:43 IST" time="19.594" errors="0">
  <testcase name="transferFund" time="3.913" classname="frontEndTesting.TransferFundTest"/>
  <testcase name="transferFundGreaterThanBalance" time="3.269" classname="frontEndTesting.TransferFundTest"/>
  <testcase name="transferFundWithIncorrectAccountNumber" time="3.271" classname="frontEndTesting.TransferFundTest"/>
</testsuite> <!-- TransferFundTest -->
