<?xml version="1.0" encoding="UTF-8"?>
<!-- Generated by org.testng.reporters.JUnitXMLReporter -->
<testsuite hostname="DESKTOP-BMRSO81" ignored="0" name="WithdrawFundTest" tests="4" failures="0" timestamp="2020-08-20T10:01:00 IST" time="17.06" errors="0">
  <testcase name="withdrawFundInPrimaryAccount" time="2.028" classname="frontEndTesting.WithdrawFundTest"/>
  <testcase name="withdrawFundInSavingAccount" time="1.779" classname="frontEndTesting.WithdrawFundTest"/>
  <testcase name="withdrawingAmountGreaterThanCurrentAmounForPrimaryAccount" time="1.443" classname="frontEndTesting.WithdrawFundTest"/>
  <testcase name="withdrawingAmountGreaterThanCurrentAmounForSavingsAccount" time="2.594" classname="frontEndTesting.WithdrawFundTest"/>
</testsuite> <!-- WithdrawFundTest -->
