<?xml version="1.0" encoding="UTF-8"?>
<!-- Generated by org.testng.reporters.JUnitXMLReporter -->
<testsuite hostname="DESKTOP-BMRSO81" ignored="0" name="WithdrawFundTest" tests="4" failures="0" timestamp="2020-08-17T22:12:35 IST" time="24.726" errors="0">
  <testcase name="withdrawFundInPrimaryAccount" time="1.846" classname="frontEndTesting.WithdrawFundTest"/>
  <testcase name="withdrawFundInSavingAccount" time="1.708" classname="frontEndTesting.WithdrawFundTest"/>
  <testcase name="withdrawingAmountGreaterThanCurrentAmounForPrimaryAccount" time="1.434" classname="frontEndTesting.WithdrawFundTest"/>
  <testcase name="withdrawingAmountGreaterThanCurrentAmounForSavingsAccount" time="2.667" classname="frontEndTesting.WithdrawFundTest"/>
</testsuite> <!-- WithdrawFundTest -->
