-------------------------------------------------------------------------------
Test set: com.example.springcore.SpringcoreApplicationTests
-------------------------------------------------------------------------------
Tests run: 1, Failures: 0, Errors: 1, Skipped: 0, Time elapsed: 0.553 s <<< FAILURE! - in com.example.springcore.SpringcoreApplicationTests
com.example.springcore.SpringcoreApplicationTests  Time elapsed: 0.551 s  <<< ERROR!
java.lang.IllegalStateException: Unable to find a @SpringBootConfiguration, you need to use @ContextConfiguration or @SpringBootTest(classes=...) with your test

