<?xml version="1.0" encoding="UTF-8"?>
<testng-results skipped="0" failed="0" ignored="0" total="1" passed="1">
  <reporter-output>
  </reporter-output>
  <suite name="Default suite" duration-ms="11369" started-at="2020-08-17T12:30:45 IST" finished-at="2020-08-17T12:30:57 IST">
    <groups>
    </groups>
    <test name="Default test" duration-ms="11369" started-at="2020-08-17T12:30:45 IST" finished-at="2020-08-17T12:30:57 IST">
      <class name="frontEndTesting.RegistrationTest">
        <test-method status="PASS" signature="setUp()[pri:0, instance:frontEndTesting.RegistrationTest@7494e528]" name="setUp" is-config="true" duration-ms="6515" started-at="2020-08-17T12:30:45 IST" finished-at="2020-08-17T12:30:52 IST">
          <reporter-output>
          </reporter-output>
        </test-method> <!-- setUp -->
        <test-method status="PASS" signature="registerUser()[pri:0, instance:frontEndTesting.RegistrationTest@7494e528]" name="registerUser" duration-ms="4802" started-at="2020-08-17T12:30:52 IST" finished-at="2020-08-17T12:30:57 IST">
          <reporter-output>
          </reporter-output>
        </test-method> <!-- registerUser -->
        <test-method status="PASS" signature="cleanUp()[pri:0, instance:frontEndTesting.RegistrationTest@7494e528]" name="cleanUp" is-config="true" duration-ms="0" started-at="2020-08-17T12:30:57 IST" finished-at="2020-08-17T12:30:57 IST">
          <reporter-output>
          </reporter-output>
        </test-method> <!-- cleanUp -->
      </class> <!-- frontEndTesting.RegistrationTest -->
    </test> <!-- Default test -->
  </suite> <!-- Default suite -->
</testng-results>
